mobile/Android/PushTestMain/build/outputs/logs/manifest-merger-debug-report.txt
-- Merging decision tree log ---
manifest
ADDED from src\main\AndroidManifest.xml:2:1-46:12
INJECTED from src\main\AndroidManifest.xml:2:1-46:12
INJECTED from src\main\AndroidManifest.xml:2:1-46:12
INJECTED from src\main\AndroidManifest.xml:2:1-46:12
MERGED from [com.genexus:CoreExternalObjects:15.12-SNAPSHOT] AndroidManifest.xml:2:1-17:12
MERGED from [com.genexus:OneSignalModule:15.12-SNAPSHOT] AndroidManifest.xml:2:1-27:12
MERGED from [com.genexus:FlexibleClient:15.12-SNAPSHOT] AndroidManifest.xml:2:1-102:12
MERGED from [com.genexus:SqlDroidBase:15.12-SNAPSHOT] AndroidManifest.xml:2:1-12:12
MERGED from [com.android.support:design:27.0.2] AndroidManifest.xml:17:1-22:12
MERGED from [com.android.support:appcompat-v7:27.0.2] AndroidManifest.xml:17:1-22:12
MERGED from [com.squareup.picasso:picasso:2.71828] AndroidManifest.xml:2:1-14:12
MERGED from [com.onesignal:OneSignal:3.6.5] AndroidManifest.xml:2:1-106:12
MERGED from [com.google.android.gms:play-services-places:11.4.0] AndroidManifest.xml:16:1-19:12
MERGED from [com.google.android.gms:play-services-maps:11.4.0] AndroidManifest.xml:16:1-25:12
MERGED from [com.google.android.gms:play-services-gcm:11.4.0] AndroidManifest.xml:16:1-24:12
MERGED from [com.google.android.gms:play-services-iid:11.4.0] AndroidManifest.xml:16:1-24:12
MERGED from [com.google.android.gms:play-services-location:11.4.0] AndroidManifest.xml:2:1-5:12
MERGED from [com.google.android.gms:play-services-base:11.4.0] AndroidManifest.xml:16:1-21:12
MERGED from [com.google.android.gms:play-services-tasks:11.4.0] AndroidManifest.xml:2:1-5:12
MERGED from [com.google.android.gms:play-services-basement:11.4.0] AndroidManifest.xml:16:1-23:12
MERGED from [com.android.support:support-v4:27.0.2] AndroidManifest.xml:17:1-22:12
MERGED from [com.android.support:support-fragment:27.0.2] AndroidManifest.xml:17:1-22:12
MERGED from [com.android.support:support-core-utils:27.0.2] AndroidManifest.xml:17:1-22:12
MERGED from [com.android.support:animated-vector-drawable:27.0.2] AndroidManifest.xml:17:1-22:12
MERGED from [com.android.support:support-vector-drawable:27.0.2] AndroidManifest.xml:17:1-22:12
MERGED from [com.android.support:recyclerview-v7:27.0.2] AndroidManifest.xml:17:1-22:12
MERGED from [com.android.support:transition:27.0.2] AndroidManifest.xml:17:1-22:12
MERGED from [com.android.support:support-core-ui:27.0.2] AndroidManifest.xml:17:1-22:12
MERGED from [com.android.support:support-media-compat:27.0.2] AndroidManifest.xml:17:1-22:12
MERGED from [com.android.support:customtabs:27.0.2] AndroidManifest.xml:17:1-22:12
MERGED from [com.android.support:support-compat:27.0.2] AndroidManifest.xml:17:1-22:12
MERGED from [com.android.support:exifinterface:27.1.0] AndroidManifest.xml:17:1-22:12
MERGED from [com.makeramen:roundedimageview:2.0.1] AndroidManifest.xml:2:1-11:12
MERGED from [android.arch.lifecycle:runtime:1.0.3] AndroidManifest.xml:17:1-24:12
INJECTED from src\main\AndroidManifest.xml:2:1-46:12
INJECTED from src\main\AndroidManifest.xml:2:1-46:12
INJECTED from src\main\AndroidManifest.xml:2:1-46:12
	package
		ADDED from src\main\AndroidManifest.xml:3:5-45
		INJECTED from src\main\AndroidManifest.xml
		INJECTED from src\main\AndroidManifest.xml
	android:versionName
		INJECTED from src\main\AndroidManifest.xml
		ADDED from src\main\AndroidManifest.xml:2:1-46:12
		INJECTED from src\main\AndroidManifest.xml
	android:versionCode
		INJECTED from src\main\AndroidManifest.xml
		ADDED from src\main\AndroidManifest.xml:2:1-46:12
		INJECTED from src\main\AndroidManifest.xml
	xmlns:android
		ADDED from src\main\AndroidManifest.xml:2:11-69
	android:installLocation
		ADDED from src\main\AndroidManifest.xml:4:5-35
permission#com.artech.verbo2.pushtestmain.permission.C2D_MESSAGE
ADDED from src\main\AndroidManifest.xml:7:5-124
MERGED from [com.onesignal:OneSignal:3.6.5] AndroidManifest.xml:8:5-10:47
	android:protectionLevel
		ADDED from src\main\AndroidManifest.xml:7:86-121
	android:name
		ADDED from src\main\AndroidManifest.xml:7:17-85
uses-permission#android.permission.VIBRATE
ADDED from src\main\AndroidManifest.xml:8:5-66
MERGED from [com.onesignal:OneSignal:3.6.5] AndroidManifest.xml:24:5-66
MERGED from [com.onesignal:OneSignal:3.6.5] AndroidManifest.xml:24:5-66
	android:name
		ADDED from src\main\AndroidManifest.xml:8:22-63
uses-permission#android.permission.WAKE_LOCK
ADDED from src\main\AndroidManifest.xml:9:5-68
MERGED from [com.onesignal:OneSignal:3.6.5] AndroidManifest.xml:19:5-68
MERGED from [com.onesignal:OneSignal:3.6.5] AndroidManifest.xml:19:5-68
	android:name
		ADDED from src\main\AndroidManifest.xml:9:22-65
uses-permission#com.artech.verbo2.pushtestmain.permission.C2D_MESSAGE
ADDED from src\main\AndroidManifest.xml:10:5-93
MERGED from [com.onesignal:OneSignal:3.6.5] AndroidManifest.xml:12:5-79
	android:name
		ADDED from src\main\AndroidManifest.xml:10:22-90
uses-permission#com.google.android.c2dm.permission.RECEIVE
ADDED from src\main\AndroidManifest.xml:11:5-82
MERGED from [com.onesignal:OneSignal:3.6.5] AndroidManifest.xml:18:5-82
MERGED from [com.onesignal:OneSignal:3.6.5] AndroidManifest.xml:18:5-82
MERGED from [com.google.android.gms:play-services-gcm:11.4.0] AndroidManifest.xml:20:5-81
MERGED from [com.google.android.gms:play-services-gcm:11.4.0] AndroidManifest.xml:20:5-81
MERGED from [com.google.android.gms:play-services-iid:11.4.0] AndroidManifest.xml:20:5-81
MERGED from [com.google.android.gms:play-services-iid:11.4.0] AndroidManifest.xml:20:5-81
	android:name
		ADDED from src\main\AndroidManifest.xml:11:22-79
application
ADDED from src\main\AndroidManifest.xml:13:5-45:17
MERGED from [com.genexus:CoreExternalObjects:15.12-SNAPSHOT] AndroidManifest.xml:11:5-15:19
MERGED from [com.genexus:CoreExternalObjects:15.12-SNAPSHOT] AndroidManifest.xml:11:5-15:19
MERGED from [com.genexus:OneSignalModule:15.12-SNAPSHOT] AndroidManifest.xml:12:5-25:19
MERGED from [com.genexus:OneSignalModule:15.12-SNAPSHOT] AndroidManifest.xml:12:5-25:19
MERGED from [com.genexus:FlexibleClient:15.12-SNAPSHOT] AndroidManifest.xml:15:5-100:19
MERGED from [com.genexus:FlexibleClient:15.12-SNAPSHOT] AndroidManifest.xml:15:5-100:19
MERGED from [com.squareup.picasso:picasso:2.71828] AndroidManifest.xml:7:5-12:19
MERGED from [com.squareup.picasso:picasso:2.71828] AndroidManifest.xml:7:5-12:19
MERGED from [com.onesignal:OneSignal:3.6.5] AndroidManifest.xml:49:5-104:19
MERGED from [com.onesignal:OneSignal:3.6.5] AndroidManifest.xml:49:5-104:19
MERGED from [com.google.android.gms:play-services-places:11.4.0] AndroidManifest.xml:18:5-19
MERGED from [com.google.android.gms:play-services-places:11.4.0] AndroidManifest.xml:18:5-19
MERGED from [com.google.android.gms:play-services-maps:11.4.0] AndroidManifest.xml:24:5-19
MERGED from [com.google.android.gms:play-services-maps:11.4.0] AndroidManifest.xml:24:5-19
MERGED from [com.google.android.gms:play-services-gcm:11.4.0] AndroidManifest.xml:23:5-19
MERGED from [com.google.android.gms:play-services-gcm:11.4.0] AndroidManifest.xml:23:5-19
MERGED from [com.google.android.gms:play-services-iid:11.4.0] AndroidManifest.xml:23:5-19
MERGED from [com.google.android.gms:play-services-iid:11.4.0] AndroidManifest.xml:23:5-19
MERGED from [com.google.android.gms:play-services-location:11.4.0] AndroidManifest.xml:4:5-19
MERGED from [com.google.android.gms:play-services-location:11.4.0] AndroidManifest.xml:4:5-19
MERGED from [com.google.android.gms:play-services-base:11.4.0] AndroidManifest.xml:18:5-20:19
MERGED from [com.google.android.gms:play-services-base:11.4.0] AndroidManifest.xml:18:5-20:19
MERGED from [com.google.android.gms:play-services-tasks:11.4.0] AndroidManifest.xml:4:5-19
MERGED from [com.google.android.gms:play-services-tasks:11.4.0] AndroidManifest.xml:4:5-19
MERGED from [com.google.android.gms:play-services-basement:11.4.0] AndroidManifest.xml:19:5-21:19
MERGED from [com.google.android.gms:play-services-basement:11.4.0] AndroidManifest.xml:19:5-21:19
	android:label
		ADDED from src\main\AndroidManifest.xml:19:18-50
	android:hardwareAccelerated
		ADDED from src\main\AndroidManifest.xml:14:18-52
	android:resizeableActivity
		ADDED from src\main\AndroidManifest.xml:15:18-52
	android:icon
		ADDED from src\main\AndroidManifest.xml:18:18-50
	android:allowBackup
		ADDED from src\main\AndroidManifest.xml:16:18-45
	android:theme
		ADDED from src\main\AndroidManifest.xml:17:18-57
	android:name
		ADDED from src\main\AndroidManifest.xml:13:18-49
activity#com.artech.verbo2.pushtestmain.Main
ADDED from src\main\AndroidManifest.xml:21:9-26:20
	android:label
		ADDED from src\main\AndroidManifest.xml:21:40-72
	android:name
		ADDED from src\main\AndroidManifest.xml:21:19-39
intent-filter#android.intent.action.MAIN+android.intent.category.LAUNCHER
ADDED from src\main\AndroidManifest.xml:22:13-25:29
action#android.intent.action.MAIN
ADDED from src\main\AndroidManifest.xml:23:17-69
	android:name
		ADDED from src\main\AndroidManifest.xml:23:25-66
category#android.intent.category.LAUNCHER
ADDED from src\main\AndroidManifest.xml:24:17-77
	android:name
		ADDED from src\main\AndroidManifest.xml:24:27-74
activity#com.artech.controls.maps.googlev2.LocationPickerActivity
ADDED from src\main\AndroidManifest.xml:28:9-93
MERGED from [com.genexus:FlexibleClient:15.12-SNAPSHOT] AndroidManifest.xml:70:9-93
MERGED from [com.genexus:FlexibleClient:15.12-SNAPSHOT] AndroidManifest.xml:70:9-93
	android:name
		ADDED from src\main\AndroidManifest.xml:28:19-90
provider#com.artech.verbo2.pushtestmain.AppEntityDataProvider
ADDED from src\main\AndroidManifest.xml:31:9-185
	android:authorities
		ADDED from src\main\AndroidManifest.xml:31:112-182
	android:exported
		ADDED from src\main\AndroidManifest.xml:31:87-111
	android:name
		ADDED from src\main\AndroidManifest.xml:31:19-86
service#com.artech.verbo2.pushtestmain.AppEntityService
ADDED from src\main\AndroidManifest.xml:34:9-106
	android:enabled
		ADDED from src\main\AndroidManifest.xml:34:18-40
	android:name
		ADDED from src\main\AndroidManifest.xml:34:41-103
activity#com.artech.android.gam.AuthRedirectActivity
ADDED from src\main\AndroidManifest.xml:36:9-43:20
MERGED from [com.genexus:FlexibleClient:15.12-SNAPSHOT] AndroidManifest.xml:76:9-87:20
MERGED from [com.genexus:FlexibleClient:15.12-SNAPSHOT] AndroidManifest.xml:76:9-87:20
	android:exported
		ADDED from src\main\AndroidManifest.xml:36:78-101
	android:name
		ADDED from src\main\AndroidManifest.xml:36:19-77
intent-filter#android.intent.action.VIEW+android.intent.category.BROWSABLE+android.intent.category.DEFAULT
ADDED from src\main\AndroidManifest.xml:37:13-42:29
action#android.intent.action.VIEW
ADDED from src\main\AndroidManifest.xml:38:17-68
	android:name
		ADDED from src\main\AndroidManifest.xml:38:25-66
category#android.intent.category.DEFAULT
ADDED from src\main\AndroidManifest.xml:39:17-75
	android:name
		ADDED from src\main\AndroidManifest.xml:39:27-73
category#android.intent.category.BROWSABLE
ADDED from src\main\AndroidManifest.xml:40:17-77
	android:name
		ADDED from src\main\AndroidManifest.xml:40:27-75
data
ADDED from src\main\AndroidManifest.xml:41:17-47
	android:scheme
		ADDED from src\main\AndroidManifest.xml:41:23-45
uses-sdk
INJECTED from src\main\AndroidManifest.xml reason: use-sdk injection requested
INJECTED from src\main\AndroidManifest.xml
INJECTED from src\main\AndroidManifest.xml
MERGED from [com.genexus:CoreExternalObjects:15.12-SNAPSHOT] AndroidManifest.xml:7:5-9:41
MERGED from [com.genexus:CoreExternalObjects:15.12-SNAPSHOT] AndroidManifest.xml:7:5-9:41
MERGED from [com.genexus:OneSignalModule:15.12-SNAPSHOT] AndroidManifest.xml:8:5-10:41
MERGED from [com.genexus:OneSignalModule:15.12-SNAPSHOT] AndroidManifest.xml:8:5-10:41
MERGED from [com.genexus:FlexibleClient:15.12-SNAPSHOT] AndroidManifest.xml:6:5-9:62
MERGED from [com.genexus:FlexibleClient:15.12-SNAPSHOT] AndroidManifest.xml:6:5-9:62
MERGED from [com.genexus:SqlDroidBase:15.12-SNAPSHOT] AndroidManifest.xml:8:5-10:41
MERGED from [com.genexus:SqlDroidBase:15.12-SNAPSHOT] AndroidManifest.xml:8:5-10:41
MERGED from [com.android.support:design:27.0.2] AndroidManifest.xml:20:5-44
MERGED from [com.android.support:design:27.0.2] AndroidManifest.xml:20:5-44
MERGED from [com.android.support:appcompat-v7:27.0.2] AndroidManifest.xml:20:5-44
MERGED from [com.android.support:appcompat-v7:27.0.2] AndroidManifest.xml:20:5-44
MERGED from [com.squareup.picasso:picasso:2.71828] AndroidManifest.xml:5:5-44
MERGED from [com.squareup.picasso:picasso:2.71828] AndroidManifest.xml:5:5-44
MERGED from [com.onesignal:OneSignal:3.6.5] AndroidManifest.xml:5:5-44
MERGED from [com.onesignal:OneSignal:3.6.5] AndroidManifest.xml:5:5-44
MERGED from [com.google.android.gms:play-services-places:11.4.0] AndroidManifest.xml:17:5-43
MERGED from [com.google.android.gms:play-services-places:11.4.0] AndroidManifest.xml:17:5-43
MERGED from [com.google.android.gms:play-services-maps:11.4.0] AndroidManifest.xml:23:5-43
MERGED from [com.google.android.gms:play-services-maps:11.4.0] AndroidManifest.xml:23:5-43
MERGED from [com.google.android.gms:play-services-gcm:11.4.0] AndroidManifest.xml:17:5-43
MERGED from [com.google.android.gms:play-services-gcm:11.4.0] AndroidManifest.xml:17:5-43
MERGED from [com.google.android.gms:play-services-iid:11.4.0] AndroidManifest.xml:17:5-43
MERGED from [com.google.android.gms:play-services-iid:11.4.0] AndroidManifest.xml:17:5-43
MERGED from [com.google.android.gms:play-services-location:11.4.0] AndroidManifest.xml:3:5-43
MERGED from [com.google.android.gms:play-services-location:11.4.0] AndroidManifest.xml:3:5-43
MERGED from [com.google.android.gms:play-services-base:11.4.0] AndroidManifest.xml:17:5-43
MERGED from [com.google.android.gms:play-services-base:11.4.0] AndroidManifest.xml:17:5-43
MERGED from [com.google.android.gms:play-services-tasks:11.4.0] AndroidManifest.xml:3:5-43
MERGED from [com.google.android.gms:play-services-tasks:11.4.0] AndroidManifest.xml:3:5-43
MERGED from [com.google.android.gms:play-services-basement:11.4.0] AndroidManifest.xml:17:5-43
MERGED from [com.google.android.gms:play-services-basement:11.4.0] AndroidManifest.xml:17:5-43
MERGED from [com.android.support:support-v4:27.0.2] AndroidManifest.xml:20:5-44
MERGED from [com.android.support:support-v4:27.0.2] AndroidManifest.xml:20:5-44
MERGED from [com.android.support:support-fragment:27.0.2] AndroidManifest.xml:20:5-44
MERGED from [com.android.support:support-fragment:27.0.2] AndroidManifest.xml:20:5-44
MERGED from [com.android.support:support-core-utils:27.0.2] AndroidManifest.xml:20:5-44
MERGED from [com.android.support:support-core-utils:27.0.2] AndroidManifest.xml:20:5-44
MERGED from [com.android.support:animated-vector-drawable:27.0.2] AndroidManifest.xml:20:5-44
MERGED from [com.android.support:animated-vector-drawable:27.0.2] AndroidManifest.xml:20:5-44
MERGED from [com.android.support:support-vector-drawable:27.0.2] AndroidManifest.xml:20:5-44
MERGED from [com.android.support:support-vector-drawable:27.0.2] AndroidManifest.xml:20:5-44
MERGED from [com.android.support:recyclerview-v7:27.0.2] AndroidManifest.xml:20:5-44
MERGED from [com.android.support:recyclerview-v7:27.0.2] AndroidManifest.xml:20:5-44
MERGED from [com.android.support:transition:27.0.2] AndroidManifest.xml:20:5-44
MERGED from [com.android.support:transition:27.0.2] AndroidManifest.xml:20:5-44
MERGED from [com.android.support:support-core-ui:27.0.2] AndroidManifest.xml:20:5-44
MERGED from [com.android.support:support-core-ui:27.0.2] AndroidManifest.xml:20:5-44
MERGED from [com.android.support:support-media-compat:27.0.2] AndroidManifest.xml:20:5-44
MERGED from [com.android.support:support-media-compat:27.0.2] AndroidManifest.xml:20:5-44
MERGED from [com.android.support:customtabs:27.0.2] AndroidManifest.xml:20:5-44
MERGED from [com.android.support:customtabs:27.0.2] AndroidManifest.xml:20:5-44
MERGED from [com.android.support:support-compat:27.0.2] AndroidManifest.xml:20:5-44
MERGED from [com.android.support:support-compat:27.0.2] AndroidManifest.xml:20:5-44
MERGED from [com.android.support:exifinterface:27.1.0] AndroidManifest.xml:20:5-44
MERGED from [com.android.support:exifinterface:27.1.0] AndroidManifest.xml:20:5-44
MERGED from [com.makeramen:roundedimageview:2.0.1] AndroidManifest.xml:7:5-9:41
MERGED from [com.makeramen:roundedimageview:2.0.1] AndroidManifest.xml:7:5-9:41
MERGED from [android.arch.lifecycle:runtime:1.0.3] AndroidManifest.xml:20:5-22:41
MERGED from [android.arch.lifecycle:runtime:1.0.3] AndroidManifest.xml:20:5-22:41
INJECTED from src\main\AndroidManifest.xml
INJECTED from src\main\AndroidManifest.xml
	tools:overrideLibrary
		ADDED from [com.genexus:FlexibleClient:15.12-SNAPSHOT] AndroidManifest.xml:9:9-59
	android:targetSdkVersion
		INJECTED from src\main\AndroidManifest.xml
		ADDED from src\main\AndroidManifest.xml
		INJECTED from src\main\AndroidManifest.xml
	android:minSdkVersion
		INJECTED from src\main\AndroidManifest.xml
		ADDED from src\main\AndroidManifest.xml
		INJECTED from src\main\AndroidManifest.xml
receiver#com.genexus.coreexternalobjects.geolocation.fused.LocationFusedProviderReceiver
ADDED from [com.genexus:CoreExternalObjects:15.12-SNAPSHOT] AndroidManifest.xml:12:9-14:39
	android:exported
		ADDED from [com.genexus:CoreExternalObjects:15.12-SNAPSHOT] AndroidManifest.xml:14:13-36
	android:name
		ADDED from [com.genexus:CoreExternalObjects:15.12-SNAPSHOT] AndroidManifest.xml:13:13-107
meta-data#com.onesignal.NotificationOpened.DEFAULT
ADDED from [com.genexus:OneSignalModule:15.12-SNAPSHOT] AndroidManifest.xml:13:9-15:39
	android:value
		ADDED from [com.genexus:OneSignalModule:15.12-SNAPSHOT] AndroidManifest.xml:15:13-36
	android:name
		ADDED from [com.genexus:OneSignalModule:15.12-SNAPSHOT] AndroidManifest.xml:14:13-68
service#com.genexus.notifications.CustomNotificationExtenderService
ADDED from [com.genexus:OneSignalModule:15.12-SNAPSHOT] AndroidManifest.xml:17:9-24:19
	android:exported
		ADDED from [com.genexus:OneSignalModule:15.12-SNAPSHOT] AndroidManifest.xml:19:13-37
	android:permission
		ADDED from [com.genexus:OneSignalModule:15.12-SNAPSHOT] AndroidManifest.xml:20:13-69
	android:name
		ADDED from [com.genexus:OneSignalModule:15.12-SNAPSHOT] AndroidManifest.xml:18:13-87
intent-filter#com.onesignal.NotificationExtender
ADDED from [com.genexus:OneSignalModule:15.12-SNAPSHOT] AndroidManifest.xml:21:13-23:29
action#com.onesignal.NotificationExtender
ADDED from [com.genexus:OneSignalModule:15.12-SNAPSHOT] AndroidManifest.xml:22:17-77
	android:name
		ADDED from [com.genexus:OneSignalModule:15.12-SNAPSHOT] AndroidManifest.xml:22:25-74
uses-permission#android.permission.INTERNET
ADDED from [com.genexus:FlexibleClient:15.12-SNAPSHOT] AndroidManifest.xml:11:5-67
MERGED from [com.onesignal:OneSignal:3.6.5] AndroidManifest.xml:17:5-67
MERGED from [com.onesignal:OneSignal:3.6.5] AndroidManifest.xml:17:5-67
MERGED from [com.google.android.gms:play-services-maps:11.4.0] AndroidManifest.xml:20:5-66
MERGED from [com.google.android.gms:play-services-maps:11.4.0] AndroidManifest.xml:20:5-66
MERGED from [com.google.android.gms:play-services-gcm:11.4.0] AndroidManifest.xml:21:5-66
MERGED from [com.google.android.gms:play-services-gcm:11.4.0] AndroidManifest.xml:21:5-66
MERGED from [com.google.android.gms:play-services-iid:11.4.0] AndroidManifest.xml:21:5-66
MERGED from [com.google.android.gms:play-services-iid:11.4.0] AndroidManifest.xml:21:5-66
	android:name
		ADDED from [com.genexus:FlexibleClient:15.12-SNAPSHOT] AndroidManifest.xml:11:22-64
uses-permission#android.permission.ACCESS_NETWORK_STATE
ADDED from [com.genexus:FlexibleClient:15.12-SNAPSHOT] AndroidManifest.xml:12:5-79
MERGED from [com.onesignal:OneSignal:3.6.5] AndroidManifest.xml:25:5-79
MERGED from [com.onesignal:OneSignal:3.6.5] AndroidManifest.xml:25:5-79
MERGED from [com.google.android.gms:play-services-maps:11.4.0] AndroidManifest.xml:19:5-78
MERGED from [com.google.android.gms:play-services-maps:11.4.0] AndroidManifest.xml:19:5-78
	android:name
		ADDED from [com.genexus:FlexibleClient:15.12-SNAPSHOT] AndroidManifest.xml:12:22-76
uses-permission#android.permission.WRITE_EXTERNAL_STORAGE
ADDED from [com.genexus:FlexibleClient:15.12-SNAPSHOT] AndroidManifest.xml:13:5-81
	android:name
		ADDED from [com.genexus:FlexibleClient:15.12-SNAPSHOT] AndroidManifest.xml:13:22-78
activity#com.artech.activities.GenexusActivity
ADDED from [com.genexus:FlexibleClient:15.12-SNAPSHOT] AndroidManifest.xml:18:9-25:20
	android:label
		ADDED from [com.genexus:FlexibleClient:15.12-SNAPSHOT] AndroidManifest.xml:20:13-45
	android:windowSoftInputMode
		ADDED from [com.genexus:FlexibleClient:15.12-SNAPSHOT] AndroidManifest.xml:21:13-73
	android:name
		ADDED from [com.genexus:FlexibleClient:15.12-SNAPSHOT] AndroidManifest.xml:19:13-65
meta-data#android.app.default_searchable
ADDED from [com.genexus:FlexibleClient:15.12-SNAPSHOT] AndroidManifest.xml:22:13-24:76
	android:value
		ADDED from [com.genexus:FlexibleClient:15.12-SNAPSHOT] AndroidManifest.xml:24:17-73
	android:name
		ADDED from [com.genexus:FlexibleClient:15.12-SNAPSHOT] AndroidManifest.xml:23:17-62
activity#com.artech.activities.SearchStubActivity
ADDED from [com.genexus:FlexibleClient:15.12-SNAPSHOT] AndroidManifest.xml:26:9-40:20
	android:exported
		ADDED from [com.genexus:FlexibleClient:15.12-SNAPSHOT] AndroidManifest.xml:28:13-37
	android:name
		ADDED from [com.genexus:FlexibleClient:15.12-SNAPSHOT] AndroidManifest.xml:27:13-68
intent-filter#android.intent.action.SEARCH+android.intent.category.DEFAULT
ADDED from [com.genexus:FlexibleClient:15.12-SNAPSHOT] AndroidManifest.xml:31:13-35:29
action#android.intent.action.SEARCH
ADDED from [com.genexus:FlexibleClient:15.12-SNAPSHOT] AndroidManifest.xml:32:17-71
	android:name
		ADDED from [com.genexus:FlexibleClient:15.12-SNAPSHOT] AndroidManifest.xml:32:25-68
meta-data#android.app.searchable
ADDED from [com.genexus:FlexibleClient:15.12-SNAPSHOT] AndroidManifest.xml:37:13-39:54
	android:resource
		ADDED from [com.genexus:FlexibleClient:15.12-SNAPSHOT] AndroidManifest.xml:39:17-51
	android:name
		ADDED from [com.genexus:FlexibleClient:15.12-SNAPSHOT] AndroidManifest.xml:38:17-54
activity#com.artech.activities.dashboard.DashboardActivity
ADDED from [com.genexus:FlexibleClient:15.12-SNAPSHOT] AndroidManifest.xml:41:9-43:48
	android:label
		ADDED from [com.genexus:FlexibleClient:15.12-SNAPSHOT] AndroidManifest.xml:43:13-45
	android:name
		ADDED from [com.genexus:FlexibleClient:15.12-SNAPSHOT] AndroidManifest.xml:42:13-77
activity#com.artech.activities.BTDeviceList
ADDED from [com.genexus:FlexibleClient:15.12-SNAPSHOT] AndroidManifest.xml:44:9-71
	android:name
		ADDED from [com.genexus:FlexibleClient:15.12-SNAPSHOT] AndroidManifest.xml:44:19-68
activity#com.artech.activities.WebViewActivity
ADDED from [com.genexus:FlexibleClient:15.12-SNAPSHOT] AndroidManifest.xml:45:9-48:20
	android:label
		ADDED from [com.genexus:FlexibleClient:15.12-SNAPSHOT] AndroidManifest.xml:47:13-48
	android:name
		ADDED from [com.genexus:FlexibleClient:15.12-SNAPSHOT] AndroidManifest.xml:46:13-65
activity#com.artech.activities.VideoViewActivity
ADDED from [com.genexus:FlexibleClient:15.12-SNAPSHOT] AndroidManifest.xml:49:9-52:20
	android:label
		ADDED from [com.genexus:FlexibleClient:15.12-SNAPSHOT] AndroidManifest.xml:51:13-48
	android:name
		ADDED from [com.genexus:FlexibleClient:15.12-SNAPSHOT] AndroidManifest.xml:50:13-67
activity#com.artech.application.Preferences
ADDED from [com.genexus:FlexibleClient:15.12-SNAPSHOT] AndroidManifest.xml:53:9-56:20
	android:label
		ADDED from [com.genexus:FlexibleClient:15.12-SNAPSHOT] AndroidManifest.xml:55:13-52
	android:name
		ADDED from [com.genexus:FlexibleClient:15.12-SNAPSHOT] AndroidManifest.xml:54:13-62
activity#com.artech.activities.FiltersActivity
ADDED from [com.genexus:FlexibleClient:15.12-SNAPSHOT] AndroidManifest.xml:57:9-60:20
	android:label
		ADDED from [com.genexus:FlexibleClient:15.12-SNAPSHOT] AndroidManifest.xml:59:13-47
	android:name
		ADDED from [com.genexus:FlexibleClient:15.12-SNAPSHOT] AndroidManifest.xml:58:13-65
activity#com.artech.activities.DetailFiltersActivity
ADDED from [com.genexus:FlexibleClient:15.12-SNAPSHOT] AndroidManifest.xml:61:9-64:20
	android:label
		ADDED from [com.genexus:FlexibleClient:15.12-SNAPSHOT] AndroidManifest.xml:63:13-47
	android:name
		ADDED from [com.genexus:FlexibleClient:15.12-SNAPSHOT] AndroidManifest.xml:62:13-71
activity#com.artech.activities.SearchResultsActivity
ADDED from [com.genexus:FlexibleClient:15.12-SNAPSHOT] AndroidManifest.xml:65:9-69:20
	android:name
		ADDED from [com.genexus:FlexibleClient:15.12-SNAPSHOT] AndroidManifest.xml:65:19-77
activity#com.artech.android.gam.AuthManagementActivity
ADDED from [com.genexus:FlexibleClient:15.12-SNAPSHOT] AndroidManifest.xml:71:9-75:75
	android:launchMode
		ADDED from [com.genexus:FlexibleClient:15.12-SNAPSHOT] AndroidManifest.xml:74:13-44
	android:exported
		ADDED from [com.genexus:FlexibleClient:15.12-SNAPSHOT] AndroidManifest.xml:73:13-37
	android:theme
		ADDED from [com.genexus:FlexibleClient:15.12-SNAPSHOT] AndroidManifest.xml:75:13-72
	android:name
		ADDED from [com.genexus:FlexibleClient:15.12-SNAPSHOT] AndroidManifest.xml:72:13-73
receiver#com.artech.android.notification.NotificationAlarm
ADDED from [com.genexus:FlexibleClient:15.12-SNAPSHOT] AndroidManifest.xml:89:9-86
	android:name
		ADDED from [com.genexus:FlexibleClient:15.12-SNAPSHOT] AndroidManifest.xml:89:19-83
provider#com.artech.android.content.CustomFileProvider
ADDED from [com.genexus:FlexibleClient:15.12-SNAPSHOT] AndroidManifest.xml:91:9-99:20
	android:grantUriPermissions
		ADDED from [com.genexus:FlexibleClient:15.12-SNAPSHOT] AndroidManifest.xml:95:13-47
	android:authorities
		ADDED from [com.genexus:FlexibleClient:15.12-SNAPSHOT] AndroidManifest.xml:93:13-65
	android:exported
		ADDED from [com.genexus:FlexibleClient:15.12-SNAPSHOT] AndroidManifest.xml:94:13-37
	android:name
		ADDED from [com.genexus:FlexibleClient:15.12-SNAPSHOT] AndroidManifest.xml:92:13-73
meta-data#android.support.FILE_PROVIDER_PATHS
ADDED from [com.genexus:FlexibleClient:15.12-SNAPSHOT] AndroidManifest.xml:96:13-98:56
	android:resource
		ADDED from [com.genexus:FlexibleClient:15.12-SNAPSHOT] AndroidManifest.xml:98:17-53
	android:name
		ADDED from [com.genexus:FlexibleClient:15.12-SNAPSHOT] AndroidManifest.xml:97:17-67
provider#com.squareup.picasso.PicassoProvider
ADDED from [com.squareup.picasso:picasso:2.71828] AndroidManifest.xml:8:9-11:40
	android:authorities
		ADDED from [com.squareup.picasso:picasso:2.71828] AndroidManifest.xml:10:13-72
	android:exported
		ADDED from [com.squareup.picasso:picasso:2.71828] AndroidManifest.xml:11:13-37
	android:name
		ADDED from [com.squareup.picasso:picasso:2.71828] AndroidManifest.xml:9:13-64
permission#${applicationId}.permission.C2D_MESSAGE
MERGED from [com.onesignal:OneSignal:3.6.5] AndroidManifest.xml:8:5-10:47
uses-permission#${applicationId}.permission.C2D_MESSAGE
MERGED from [com.onesignal:OneSignal:3.6.5] AndroidManifest.xml:12:5-79
uses-permission#android.permission.RECEIVE_BOOT_COMPLETED
ADDED from [com.onesignal:OneSignal:3.6.5] AndroidManifest.xml:30:5-81
	android:name
		ADDED from [com.onesignal:OneSignal:3.6.5] AndroidManifest.xml:30:22-78
uses-permission#com.sec.android.provider.badge.permission.READ
ADDED from [com.onesignal:OneSignal:3.6.5] AndroidManifest.xml:32:5-86
	android:name
		ADDED from [com.onesignal:OneSignal:3.6.5] AndroidManifest.xml:32:22-83
uses-permission#com.sec.android.provider.badge.permission.WRITE
ADDED from [com.onesignal:OneSignal:3.6.5] AndroidManifest.xml:33:5-87
	android:name
		ADDED from [com.onesignal:OneSignal:3.6.5] AndroidManifest.xml:33:22-84
uses-permission#com.htc.launcher.permission.READ_SETTINGS
ADDED from [com.onesignal:OneSignal:3.6.5] AndroidManifest.xml:34:5-81
	android:name
		ADDED from [com.onesignal:OneSignal:3.6.5] AndroidManifest.xml:34:22-78
uses-permission#com.htc.launcher.permission.UPDATE_SHORTCUT
ADDED from [com.onesignal:OneSignal:3.6.5] AndroidManifest.xml:35:5-83
	android:name
		ADDED from [com.onesignal:OneSignal:3.6.5] AndroidManifest.xml:35:22-80
uses-permission#com.sonyericsson.home.permission.BROADCAST_BADGE
ADDED from [com.onesignal:OneSignal:3.6.5] AndroidManifest.xml:36:5-88
	android:name
		ADDED from [com.onesignal:OneSignal:3.6.5] AndroidManifest.xml:36:22-85
uses-permission#com.sonymobile.home.permission.PROVIDER_INSERT_BADGE
ADDED from [com.onesignal:OneSignal:3.6.5] AndroidManifest.xml:37:5-92
	android:name
		ADDED from [com.onesignal:OneSignal:3.6.5] AndroidManifest.xml:37:22-89
uses-permission#com.anddoes.launcher.permission.UPDATE_COUNT
ADDED from [com.onesignal:OneSignal:3.6.5] AndroidManifest.xml:38:5-84
	android:name
		ADDED from [com.onesignal:OneSignal:3.6.5] AndroidManifest.xml:38:22-81
uses-permission#com.majeur.launcher.permission.UPDATE_BADGE
ADDED from [com.onesignal:OneSignal:3.6.5] AndroidManifest.xml:39:5-83
	android:name
		ADDED from [com.onesignal:OneSignal:3.6.5] AndroidManifest.xml:39:22-80
uses-permission#com.huawei.android.launcher.permission.CHANGE_BADGE
ADDED from [com.onesignal:OneSignal:3.6.5] AndroidManifest.xml:40:5-91
	android:name
		ADDED from [com.onesignal:OneSignal:3.6.5] AndroidManifest.xml:40:22-88
uses-permission#com.huawei.android.launcher.permission.READ_SETTINGS
ADDED from [com.onesignal:OneSignal:3.6.5] AndroidManifest.xml:41:5-92
	android:name
		ADDED from [com.onesignal:OneSignal:3.6.5] AndroidManifest.xml:41:22-89
uses-permission#com.huawei.android.launcher.permission.WRITE_SETTINGS
ADDED from [com.onesignal:OneSignal:3.6.5] AndroidManifest.xml:42:5-93
	android:name
		ADDED from [com.onesignal:OneSignal:3.6.5] AndroidManifest.xml:42:22-90
uses-permission#android.permission.READ_APP_BADGE
ADDED from [com.onesignal:OneSignal:3.6.5] AndroidManifest.xml:43:5-73
	android:name
		ADDED from [com.onesignal:OneSignal:3.6.5] AndroidManifest.xml:43:22-70
uses-permission#com.oppo.launcher.permission.READ_SETTINGS
ADDED from [com.onesignal:OneSignal:3.6.5] AndroidManifest.xml:44:5-82
	android:name